<?xml version="1.0" encoding="UTF-8"?>
<testng-results skipped="0" failed="0" ignored="0" total="1" passed="1">
  <reporter-output>
  </reporter-output>
  <suite name="Default suite" duration-ms="7453" started-at="2019-05-04T22:35:02Z" finished-at="2019-05-04T22:35:10Z">
    <groups>
    </groups>
    <test name="Default test" duration-ms="7453" started-at="2019-05-04T22:35:02Z" finished-at="2019-05-04T22:35:10Z">
      <class name="TestCase.OrangeHRMTestCase">
        <test-method status="PASS" signature="setupBrowser()[pri:0, instance:TestCase.OrangeHRMTestCase@7cd62f43]" name="setupBrowser" is-config="true" duration-ms="4639" started-at="2019-05-04T22:35:02Z" finished-at="2019-05-04T22:35:07Z">
          <reporter-output>
          </reporter-output>
        </test-method> <!-- setupBrowser -->
        <test-method status="PASS" signature="loginPositive(java.lang.String, java.lang.String)[pri:0, instance:TestCase.OrangeHRMTestCase@7cd62f43]" name="loginPositive" duration-ms="1783" started-at="2019-05-04T22:35:07Z" data-provider="testData" finished-at="2019-05-04T22:35:09Z">
          <params>
            <param index="0">
              <value>
                <![CDATA[jojo]]>
              </value>
            </param>
            <param index="1">
              <value>
                <![CDATA[jojo123]]>
              </value>
            </param>
          </params>
          <reporter-output>
          </reporter-output>
        </test-method> <!-- loginPositive -->
        <test-method status="PASS" signature="tearDown()[pri:0, instance:TestCase.OrangeHRMTestCase@7cd62f43]" name="tearDown" is-config="true" duration-ms="597" started-at="2019-05-04T22:35:09Z" finished-at="2019-05-04T22:35:10Z">
          <reporter-output>
          </reporter-output>
        </test-method> <!-- tearDown -->
      </class> <!-- TestCase.OrangeHRMTestCase -->
    </test> <!-- Default test -->
  </suite> <!-- Default suite -->
</testng-results>
